{"/home/luke/dev-projects/prisma-typescript-blog/src/app.ts": {"path":"/home/luke/dev-projects/prisma-typescript-blog/src/app.ts","statementMap":{"0":{"start":{"line":1,"column":0},"end":{"line":1,"column":29}},"1":{"start":{"line":2,"column":0},"end":{"line":2,"column":27}},"2":{"start":{"line":3,"column":0},"end":{"line":3,"column":23}},"3":{"start":{"line":4,"column":0},"end":{"line":4,"column":27}},"4":{"start":{"line":5,"column":0},"end":{"line":5,"column":23}},"5":{"start":{"line":6,"column":0},"end":{"line":6,"column":70}},"6":{"start":{"line":7,"column":0},"end":{"line":7,"column":70}},"7":{"start":{"line":9,"column":12},"end":{"line":9,"column":21}},"8":{"start":{"line":11,"column":0},"end":{"line":11,"column":null}},"9":{"start":{"line":12,"column":0},"end":{"line":12,"column":null}},"10":{"start":{"line":13,"column":0},"end":{"line":13,"column":null}},"11":{"start":{"line":14,"column":0},"end":{"line":14,"column":null}},"12":{"start":{"line":15,"column":0},"end":{"line":15,"column":null}},"13":{"start":{"line":16,"column":0},"end":{"line":16,"column":null}},"14":{"start":{"line":18,"column":0},"end":{"line":18,"column":null}},"15":{"start":{"line":19,"column":0},"end":{"line":19,"column":null}},"16":{"start":{"line":21,"column":0},"end":{"line":21,"column":null}}},"fnMap":{},"branchMap":{},"s":{"0":4,"1":4,"2":4,"3":4,"4":4,"5":4,"6":4,"7":4,"8":4,"9":4,"10":4,"11":4,"12":4,"13":4,"14":4,"15":4,"16":4},"f":{},"b":{}}
,"/home/luke/dev-projects/prisma-typescript-blog/src/db.ts": {"path":"/home/luke/dev-projects/prisma-typescript-blog/src/db.ts","statementMap":{"0":{"start":{"line":1,"column":0},"end":{"line":1,"column":45}},"1":{"start":{"line":3,"column":15},"end":{"line":3,"column":33}},"2":{"start":{"line":6,"column":0},"end":{"line":6,"column":null}}},"fnMap":{},"branchMap":{},"s":{"0":4,"1":4,"2":4},"f":{},"b":{}}
,"/home/luke/dev-projects/prisma-typescript-blog/src/api/index.ts": {"path":"/home/luke/dev-projects/prisma-typescript-blog/src/api/index.ts","statementMap":{"0":{"start":{"line":1,"column":0},"end":{"line":1,"column":29}},"1":{"start":{"line":3,"column":0},"end":{"line":3,"column":43}},"2":{"start":{"line":4,"column":0},"end":{"line":4,"column":46}},"3":{"start":{"line":6,"column":15},"end":{"line":6,"column":31}},"4":{"start":{"line":8,"column":0},"end":{"line":14,"column":null}},"5":{"start":{"line":9,"column":2},"end":{"line":13,"column":null}},"6":{"start":{"line":16,"column":0},"end":{"line":16,"column":null}},"7":{"start":{"line":17,"column":0},"end":{"line":17,"column":null}},"8":{"start":{"line":19,"column":0},"end":{"line":19,"column":null}}},"fnMap":{"0":{"name":"(anonymous_1)","decl":{"start":{"line":8,"column":41},"end":{"line":8,"column":42}},"loc":{"start":{"line":8,"column":54},"end":{"line":14,"column":1}}}},"branchMap":{},"s":{"0":4,"1":4,"2":4,"3":4,"4":4,"5":0,"6":4,"7":4,"8":4},"f":{"0":0},"b":{}}
,"/home/luke/dev-projects/prisma-typescript-blog/src/api/auth/auth.controllers.ts": {"path":"/home/luke/dev-projects/prisma-typescript-blog/src/api/auth/auth.controllers.ts","statementMap":{"0":{"start":{"line":1,"column":0},"end":{"line":1,"column":23}},"1":{"start":{"line":4,"column":0},"end":{"line":4,"column":68}},"2":{"start":{"line":5,"column":0},"end":{"line":5,"column":null}},"3":{"start":{"line":10,"column":0},"end":{"line":10,"column":null}},"4":{"start":{"line":16,"column":0},"end":{"line":16,"column":27}},"5":{"start":{"line":17,"column":0},"end":{"line":17,"column":49}},"6":{"start":{"line":24,"column":2},"end":{"line":45,"column":null}},"7":{"start":{"line":25,"column":32},"end":{"line":25,"column":40}},"8":{"start":{"line":27,"column":17},"end":{"line":27,"column":72}},"9":{"start":{"line":28,"column":16},"end":{"line":28,"column":22}},"10":{"start":{"line":30,"column":42},"end":{"line":30,"column":71}},"11":{"start":{"line":32,"column":4},"end":{"line":32,"column":null}},"12":{"start":{"line":33,"column":4},"end":{"line":33,"column":null}},"13":{"start":{"line":34,"column":4},"end":{"line":42,"column":null}},"14":{"start":{"line":44,"column":4},"end":{"line":44,"column":null}},"15":{"start":{"line":19,"column":0},"end":{"line":19,"column":22}},"16":{"start":{"line":53,"column":2},"end":{"line":89,"column":null}},"17":{"start":{"line":54,"column":32},"end":{"line":54,"column":40}},"18":{"start":{"line":55,"column":17},"end":{"line":55,"column":54}},"19":{"start":{"line":57,"column":4},"end":{"line":60,"column":null}},"20":{"start":{"line":58,"column":6},"end":{"line":58,"column":null}},"21":{"start":{"line":59,"column":6},"end":{"line":59,"column":null}},"22":{"start":{"line":62,"column":26},"end":{"line":62,"column":71}},"23":{"start":{"line":63,"column":4},"end":{"line":66,"column":null}},"24":{"start":{"line":64,"column":6},"end":{"line":64,"column":null}},"25":{"start":{"line":65,"column":6},"end":{"line":65,"column":null}},"26":{"start":{"line":68,"column":18},"end":{"line":68,"column":57}},"27":{"start":{"line":68,"column":47},"end":{"line":68,"column":56}},"28":{"start":{"line":69,"column":16},"end":{"line":69,"column":22}},"29":{"start":{"line":70,"column":42},"end":{"line":70,"column":74}},"30":{"start":{"line":72,"column":4},"end":{"line":76,"column":null}},"31":{"start":{"line":78,"column":4},"end":{"line":86,"column":null}},"32":{"start":{"line":88,"column":4},"end":{"line":88,"column":null}},"33":{"start":{"line":48,"column":0},"end":{"line":48,"column":22}},"34":{"start":{"line":97,"column":2},"end":{"line":159,"column":null}},"35":{"start":{"line":98,"column":25},"end":{"line":98,"column":46}},"36":{"start":{"line":99,"column":4},"end":{"line":102,"column":null}},"37":{"start":{"line":100,"column":6},"end":{"line":100,"column":null}},"38":{"start":{"line":101,"column":6},"end":{"line":101,"column":null}},"39":{"start":{"line":104,"column":20},"end":{"line":104,"column":null}},"40":{"start":{"line":109,"column":30},"end":{"line":109,"column":69}},"41":{"start":{"line":110,"column":4},"end":{"line":113,"column":null}},"42":{"start":{"line":111,"column":6},"end":{"line":111,"column":null}},"43":{"start":{"line":112,"column":6},"end":{"line":112,"column":null}},"44":{"start":{"line":115,"column":24},"end":{"line":115,"column":47}},"45":{"start":{"line":116,"column":4},"end":{"line":119,"column":null}},"46":{"start":{"line":117,"column":6},"end":{"line":117,"column":null}},"47":{"start":{"line":118,"column":6},"end":{"line":118,"column":null}},"48":{"start":{"line":121,"column":17},"end":{"line":121,"column":60}},"49":{"start":{"line":122,"column":4},"end":{"line":125,"column":null}},"50":{"start":{"line":123,"column":6},"end":{"line":123,"column":null}},"51":{"start":{"line":124,"column":6},"end":{"line":124,"column":null}},"52":{"start":{"line":127,"column":4},"end":{"line":127,"column":null}},"53":{"start":{"line":128,"column":18},"end":{"line":128,"column":57}},"54":{"start":{"line":128,"column":47},"end":{"line":128,"column":56}},"55":{"start":{"line":129,"column":16},"end":{"line":129,"column":22}},"56":{"start":{"line":130,"column":59},"end":{"line":133,"column":null}},"57":{"start":{"line":136,"column":4},"end":{"line":140,"column":null}},"58":{"start":{"line":142,"column":4},"end":{"line":150,"column":null}},"59":{"start":{"line":152,"column":4},"end":{"line":157,"column":null}},"60":{"start":{"line":156,"column":6},"end":{"line":156,"column":null}},"61":{"start":{"line":158,"column":4},"end":{"line":158,"column":null}},"62":{"start":{"line":92,"column":0},"end":{"line":92,"column":22}}},"fnMap":{"0":{"name":"register","decl":{"start":{"line":19,"column":22},"end":{"line":19,"column":30}},"loc":{"start":{"line":22,"column":20},"end":{"line":46,"column":null}}},"1":{"name":"login","decl":{"start":{"line":48,"column":22},"end":{"line":48,"column":27}},"loc":{"start":{"line":51,"column":20},"end":{"line":90,"column":null}}},"2":{"name":"(anonymous_12)","decl":{"start":{"line":68,"column":33},"end":{"line":68,"column":34}},"loc":{"start":{"line":68,"column":47},"end":{"line":68,"column":56}}},"3":{"name":"refreshTokens","decl":{"start":{"line":92,"column":22},"end":{"line":92,"column":35}},"loc":{"start":{"line":95,"column":20},"end":{"line":160,"column":null}}},"4":{"name":"(anonymous_15)","decl":{"start":{"line":128,"column":33},"end":{"line":128,"column":34}},"loc":{"start":{"line":128,"column":47},"end":{"line":128,"column":56}}}},"branchMap":{"0":{"loc":{"start":{"line":57,"column":4},"end":{"line":60,"column":null}},"type":"if","locations":[{"start":{"line":57,"column":4},"end":{"line":60,"column":null}}]},"1":{"loc":{"start":{"line":63,"column":4},"end":{"line":66,"column":null}},"type":"if","locations":[{"start":{"line":63,"column":4},"end":{"line":66,"column":null}}]},"2":{"loc":{"start":{"line":99,"column":4},"end":{"line":102,"column":null}},"type":"if","locations":[{"start":{"line":99,"column":4},"end":{"line":102,"column":null}}]},"3":{"loc":{"start":{"line":110,"column":4},"end":{"line":113,"column":null}},"type":"if","locations":[{"start":{"line":110,"column":4},"end":{"line":113,"column":null}}]},"4":{"loc":{"start":{"line":110,"column":8},"end":{"line":110,"column":64}},"type":"binary-expr","locations":[{"start":{"line":110,"column":8},"end":{"line":110,"column":26}},{"start":{"line":110,"column":30},"end":{"line":110,"column":64}}]},"5":{"loc":{"start":{"line":116,"column":4},"end":{"line":119,"column":null}},"type":"if","locations":[{"start":{"line":116,"column":4},"end":{"line":119,"column":null}}]},"6":{"loc":{"start":{"line":122,"column":4},"end":{"line":125,"column":null}},"type":"if","locations":[{"start":{"line":122,"column":4},"end":{"line":125,"column":null}}]},"7":{"loc":{"start":{"line":152,"column":4},"end":{"line":157,"column":null}},"type":"if","locations":[{"start":{"line":152,"column":4},"end":{"line":157,"column":null}}]},"8":{"loc":{"start":{"line":153,"column":6},"end":{"line":154,"column":80}},"type":"binary-expr","locations":[{"start":{"line":153,"column":6},"end":{"line":153,"column":28}},{"start":{"line":154,"column":7},"end":{"line":154,"column":41}},{"start":{"line":154,"column":45},"end":{"line":154,"column":79}}]}},"s":{"0":4,"1":4,"2":4,"3":4,"4":4,"5":4,"6":1,"7":1,"8":1,"9":1,"10":1,"11":1,"12":1,"13":1,"14":0,"15":4,"16":3,"17":3,"18":3,"19":3,"20":1,"21":1,"22":2,"23":2,"24":1,"25":1,"26":1,"27":0,"28":1,"29":1,"30":1,"31":1,"32":2,"33":4,"34":4,"35":4,"36":4,"37":1,"38":1,"39":3,"40":1,"41":1,"42":0,"43":0,"44":1,"45":1,"46":0,"47":0,"48":1,"49":1,"50":0,"51":0,"52":1,"53":1,"54":0,"55":1,"56":1,"57":1,"58":1,"59":3,"60":2,"61":3,"62":4},"f":{"0":1,"1":3,"2":0,"3":4,"4":0},"b":{"0":[1],"1":[1],"2":[1],"3":[0],"4":[1,1],"5":[0],"6":[0],"7":[2],"8":[3,3,2]}}
,"/home/luke/dev-projects/prisma-typescript-blog/src/api/auth/auth.routes.ts": {"path":"/home/luke/dev-projects/prisma-typescript-blog/src/api/auth/auth.routes.ts","statementMap":{"0":{"start":{"line":1,"column":0},"end":{"line":1,"column":29}},"1":{"start":{"line":2,"column":0},"end":{"line":2,"column":52}},"2":{"start":{"line":3,"column":0},"end":{"line":3,"column":63}},"3":{"start":{"line":4,"column":0},"end":{"line":4,"column":58}},"4":{"start":{"line":5,"column":0},"end":{"line":5,"column":70}},"5":{"start":{"line":7,"column":15},"end":{"line":7,"column":31}},"6":{"start":{"line":9,"column":0},"end":{"line":13,"column":null}},"7":{"start":{"line":15,"column":0},"end":{"line":20,"column":null}},"8":{"start":{"line":22,"column":0},"end":{"line":22,"column":null}},"9":{"start":{"line":26,"column":0},"end":{"line":26,"column":null}}},"fnMap":{},"branchMap":{},"s":{"0":4,"1":4,"2":4,"3":4,"4":4,"5":4,"6":4,"7":4,"8":4,"9":4},"f":{},"b":{}}
,"/home/luke/dev-projects/prisma-typescript-blog/src/api/auth/auth.services.ts": {"path":"/home/luke/dev-projects/prisma-typescript-blog/src/api/auth/auth.services.ts","statementMap":{"0":{"start":{"line":2,"column":0},"end":{"line":2,"column":29}},"1":{"start":{"line":3,"column":0},"end":{"line":3,"column":49}},"2":{"start":{"line":14,"column":2},"end":{"line":20,"column":null}},"3":{"start":{"line":5,"column":0},"end":{"line":5,"column":16}},"4":{"start":{"line":25,"column":2},"end":{"line":29,"column":null}},"5":{"start":{"line":24,"column":0},"end":{"line":24,"column":16}},"6":{"start":{"line":34,"column":2},"end":{"line":41,"column":null}},"7":{"start":{"line":33,"column":0},"end":{"line":33,"column":16}},"8":{"start":{"line":45,"column":2},"end":{"line":52,"column":null}},"9":{"start":{"line":44,"column":0},"end":{"line":44,"column":16}}},"fnMap":{"0":{"name":"addRefreshTokenToWhitelist","decl":{"start":{"line":5,"column":16},"end":{"line":5,"column":42}},"loc":{"start":{"line":13,"column":1},"end":{"line":21,"column":1}}},"1":{"name":"findRefreshTokenById","decl":{"start":{"line":24,"column":16},"end":{"line":24,"column":36}},"loc":{"start":{"line":24,"column":59},"end":{"line":30,"column":1}}},"2":{"name":"revokeRefreshToken","decl":{"start":{"line":33,"column":16},"end":{"line":33,"column":34}},"loc":{"start":{"line":33,"column":57},"end":{"line":42,"column":1}}},"3":{"name":"revokeAllRefreshTokens","decl":{"start":{"line":44,"column":16},"end":{"line":44,"column":38}},"loc":{"start":{"line":44,"column":57},"end":{"line":53,"column":1}}}},"branchMap":{},"s":{"0":4,"1":4,"2":3,"3":4,"4":1,"5":4,"6":1,"7":4,"8":0,"9":4},"f":{"0":3,"1":1,"2":1,"3":0},"b":{}}
,"/home/luke/dev-projects/prisma-typescript-blog/src/api/users/users.controllers.ts": {"path":"/home/luke/dev-projects/prisma-typescript-blog/src/api/users/users.controllers.ts","statementMap":{"0":{"start":{"line":3,"column":0},"end":{"line":3,"column":47}},"1":{"start":{"line":6,"column":2},"end":{"line":21,"column":null}},"2":{"start":{"line":7,"column":43},"end":{"line":7,"column":51}},"3":{"start":{"line":8,"column":17},"end":{"line":8,"column":55}},"4":{"start":{"line":10,"column":4},"end":{"line":13,"column":null}},"5":{"start":{"line":11,"column":6},"end":{"line":11,"column":null}},"6":{"start":{"line":12,"column":6},"end":{"line":12,"column":null}},"7":{"start":{"line":15,"column":4},"end":{"line":18,"column":null}},"8":{"start":{"line":20,"column":4},"end":{"line":20,"column":null}},"9":{"start":{"line":5,"column":0},"end":{"line":5,"column":22}}},"fnMap":{"0":{"name":"me","decl":{"start":{"line":5,"column":22},"end":{"line":5,"column":24}},"loc":{"start":{"line":5,"column":72},"end":{"line":22,"column":null}}}},"branchMap":{"0":{"loc":{"start":{"line":10,"column":4},"end":{"line":13,"column":null}},"type":"if","locations":[{"start":{"line":10,"column":4},"end":{"line":13,"column":null}}]}},"s":{"0":4,"1":1,"2":1,"3":1,"4":1,"5":0,"6":0,"7":1,"8":0,"9":4},"f":{"0":1},"b":{"0":[0]}}
,"/home/luke/dev-projects/prisma-typescript-blog/src/api/users/users.routes.ts": {"path":"/home/luke/dev-projects/prisma-typescript-blog/src/api/users/users.routes.ts","statementMap":{"0":{"start":{"line":1,"column":0},"end":{"line":1,"column":32}},"1":{"start":{"line":2,"column":0},"end":{"line":2,"column":62}},"2":{"start":{"line":3,"column":0},"end":{"line":3,"column":53}},"3":{"start":{"line":5,"column":15},"end":{"line":5,"column":23}},"4":{"start":{"line":7,"column":0},"end":{"line":7,"column":null}},"5":{"start":{"line":9,"column":0},"end":{"line":9,"column":null}}},"fnMap":{},"branchMap":{},"s":{"0":4,"1":4,"2":4,"3":4,"4":4,"5":4},"f":{},"b":{}}
,"/home/luke/dev-projects/prisma-typescript-blog/src/api/users/users.schemas.ts": {"path":"/home/luke/dev-projects/prisma-typescript-blog/src/api/users/users.schemas.ts","statementMap":{"0":{"start":{"line":1,"column":0},"end":{"line":1,"column":24}},"1":{"start":{"line":3,"column":13},"end":{"line":10,"column":null}}},"fnMap":{},"branchMap":{},"s":{"0":4,"1":4},"f":{},"b":{}}
,"/home/luke/dev-projects/prisma-typescript-blog/src/api/users/users.services.ts": {"path":"/home/luke/dev-projects/prisma-typescript-blog/src/api/users/users.services.ts","statementMap":{"0":{"start":{"line":1,"column":0},"end":{"line":1,"column":32}},"1":{"start":{"line":2,"column":0},"end":{"line":2,"column":29}},"2":{"start":{"line":5,"column":0},"end":{"line":9,"column":null}},"3":{"start":{"line":12,"column":2},"end":{"line":16,"column":null}},"4":{"start":{"line":11,"column":0},"end":{"line":11,"column":16}},"5":{"start":{"line":20,"column":2},"end":{"line":25,"column":null}},"6":{"start":{"line":19,"column":0},"end":{"line":19,"column":16}},"7":{"start":{"line":29,"column":2},"end":{"line":29,"column":null}},"8":{"start":{"line":30,"column":2},"end":{"line":32,"column":null}},"9":{"start":{"line":28,"column":0},"end":{"line":28,"column":16}},"10":{"start":{"line":36,"column":2},"end":{"line":40,"column":null}},"11":{"start":{"line":35,"column":0},"end":{"line":35,"column":16}},"12":{"start":{"line":44,"column":2},"end":{"line":49,"column":null}},"13":{"start":{"line":43,"column":0},"end":{"line":43,"column":16}}},"fnMap":{"0":{"name":"findUserByEmail","decl":{"start":{"line":11,"column":16},"end":{"line":11,"column":31}},"loc":{"start":{"line":11,"column":45},"end":{"line":17,"column":1}}},"1":{"name":"findUserWithRolesByEmail","decl":{"start":{"line":19,"column":16},"end":{"line":19,"column":40}},"loc":{"start":{"line":19,"column":54},"end":{"line":26,"column":1}}},"2":{"name":"createUserByEmailAndPassword","decl":{"start":{"line":28,"column":16},"end":{"line":28,"column":44}},"loc":{"start":{"line":28,"column":73},"end":{"line":33,"column":1}}},"3":{"name":"findUserById","decl":{"start":{"line":35,"column":16},"end":{"line":35,"column":28}},"loc":{"start":{"line":35,"column":43},"end":{"line":41,"column":1}}},"4":{"name":"findUserWithRolesById","decl":{"start":{"line":43,"column":16},"end":{"line":43,"column":37}},"loc":{"start":{"line":43,"column":52},"end":{"line":50,"column":1}}}},"branchMap":{},"s":{"0":4,"1":4,"2":4,"3":0,"4":4,"5":3,"6":4,"7":1,"8":1,"9":4,"10":1,"11":4,"12":1,"13":4},"f":{"0":0,"1":3,"2":1,"3":1,"4":1},"b":{}}
,"/home/luke/dev-projects/prisma-typescript-blog/src/middleware/auth.middleware.ts": {"path":"/home/luke/dev-projects/prisma-typescript-blog/src/middleware/auth.middleware.ts","statementMap":{"0":{"start":{"line":2,"column":0},"end":{"line":2,"column":26}},"1":{"start":{"line":4,"column":0},"end":{"line":4,"column":48}},"2":{"start":{"line":6,"column":35},"end":{"line":27,"column":null}},"3":{"start":{"line":10,"column":4},"end":{"line":27,"column":null}},"4":{"start":{"line":11,"column":2},"end":{"line":24,"column":null}},"5":{"start":{"line":12,"column":17},"end":{"line":16,"column":6}},"6":{"start":{"line":18,"column":4},"end":{"line":21,"column":null}},"7":{"start":{"line":19,"column":6},"end":{"line":19,"column":null}},"8":{"start":{"line":20,"column":6},"end":{"line":20,"column":null}},"9":{"start":{"line":23,"column":4},"end":{"line":23,"column":null}},"10":{"start":{"line":26,"column":2},"end":{"line":26,"column":null}},"11":{"start":{"line":6,"column":13},"end":{"line":6,"column":35}},"12":{"start":{"line":34,"column":2},"end":{"line":48,"column":null}},"13":{"start":{"line":35,"column":24},"end":{"line":37,"column":null}},"14":{"start":{"line":39,"column":4},"end":{"line":41,"column":null}},"15":{"start":{"line":40,"column":6},"end":{"line":40,"column":null}},"16":{"start":{"line":42,"column":20},"end":{"line":42,"column":71}},"17":{"start":{"line":43,"column":4},"end":{"line":43,"column":null}},"18":{"start":{"line":45,"column":4},"end":{"line":45,"column":null}},"19":{"start":{"line":47,"column":4},"end":{"line":47,"column":null}},"20":{"start":{"line":29,"column":0},"end":{"line":29,"column":16}},"21":{"start":{"line":52,"column":2},"end":{"line":63,"column":null}},"22":{"start":{"line":53,"column":17},"end":{"line":53,"column":25}},"23":{"start":{"line":55,"column":4},"end":{"line":58,"column":null}},"24":{"start":{"line":56,"column":6},"end":{"line":56,"column":null}},"25":{"start":{"line":57,"column":6},"end":{"line":57,"column":null}},"26":{"start":{"line":60,"column":4},"end":{"line":60,"column":null}},"27":{"start":{"line":62,"column":4},"end":{"line":62,"column":null}},"28":{"start":{"line":51,"column":0},"end":{"line":51,"column":16}},"29":{"start":{"line":66,"column":21},"end":{"line":77,"column":null}},"30":{"start":{"line":70,"column":4},"end":{"line":77,"column":null}},"31":{"start":{"line":71,"column":2},"end":{"line":73,"column":null}},"32":{"start":{"line":72,"column":4},"end":{"line":72,"column":null}},"33":{"start":{"line":74,"column":2},"end":{"line":76,"column":null}},"34":{"start":{"line":79,"column":29},"end":{"line":90,"column":null}},"35":{"start":{"line":83,"column":4},"end":{"line":90,"column":null}},"36":{"start":{"line":84,"column":2},"end":{"line":86,"column":null}},"37":{"start":{"line":85,"column":4},"end":{"line":85,"column":null}},"38":{"start":{"line":87,"column":2},"end":{"line":89,"column":null}},"39":{"start":{"line":92,"column":0},"end":{"line":92,"column":null}}},"fnMap":{"0":{"name":"(anonymous_8)","decl":{"start":{"line":6,"column":35},"end":{"line":6,"column":null}},"loc":{"start":{"line":10,"column":4},"end":{"line":27,"column":null}}},"1":{"name":"(anonymous_9)","decl":{"start":{"line":10,"column":4},"end":{"line":10,"column":null}},"loc":{"start":{"line":10,"column":4},"end":{"line":27,"column":1}}},"2":{"name":"deserializeUserAndRoles","decl":{"start":{"line":29,"column":16},"end":{"line":29,"column":39}},"loc":{"start":{"line":32,"column":20},"end":{"line":49,"column":1}}},"3":{"name":"requireUser","decl":{"start":{"line":51,"column":16},"end":{"line":51,"column":27}},"loc":{"start":{"line":51,"column":75},"end":{"line":64,"column":1}}},"4":{"name":"(anonymous_12)","decl":{"start":{"line":66,"column":21},"end":{"line":66,"column":null}},"loc":{"start":{"line":70,"column":4},"end":{"line":77,"column":null}}},"5":{"name":"(anonymous_13)","decl":{"start":{"line":70,"column":4},"end":{"line":70,"column":null}},"loc":{"start":{"line":70,"column":4},"end":{"line":77,"column":1}}},"6":{"name":"(anonymous_14)","decl":{"start":{"line":79,"column":29},"end":{"line":79,"column":null}},"loc":{"start":{"line":83,"column":4},"end":{"line":90,"column":null}}},"7":{"name":"(anonymous_15)","decl":{"start":{"line":83,"column":4},"end":{"line":83,"column":null}},"loc":{"start":{"line":83,"column":4},"end":{"line":90,"column":1}}}},"branchMap":{"0":{"loc":{"start":{"line":18,"column":4},"end":{"line":21,"column":null}},"type":"if","locations":[{"start":{"line":18,"column":4},"end":{"line":21,"column":null}}]},"1":{"loc":{"start":{"line":35,"column":25},"end":{"line":35,"column":56}},"type":"binary-expr","locations":[{"start":{"line":35,"column":25},"end":{"line":35,"column":50}},{"start":{"line":35,"column":54},"end":{"line":35,"column":56}}]},"2":{"loc":{"start":{"line":39,"column":4},"end":{"line":41,"column":null}},"type":"if","locations":[{"start":{"line":39,"column":4},"end":{"line":41,"column":null}}]},"3":{"loc":{"start":{"line":55,"column":4},"end":{"line":58,"column":null}},"type":"if","locations":[{"start":{"line":55,"column":4},"end":{"line":58,"column":null}}]},"4":{"loc":{"start":{"line":71,"column":2},"end":{"line":73,"column":null}},"type":"if","locations":[{"start":{"line":71,"column":2},"end":{"line":73,"column":null}}]},"5":{"loc":{"start":{"line":84,"column":2},"end":{"line":86,"column":null}},"type":"if","locations":[{"start":{"line":84,"column":2},"end":{"line":86,"column":null}}]},"6":{"loc":{"start":{"line":84,"column":6},"end":{"line":84,"column":63}},"type":"binary-expr","locations":[{"start":{"line":84,"column":6},"end":{"line":84,"column":33}},{"start":{"line":84,"column":37},"end":{"line":84,"column":63}}]}},"s":{"0":4,"1":4,"2":4,"3":1,"4":1,"5":1,"6":1,"7":0,"8":0,"9":0,"10":1,"11":4,"12":59,"13":59,"14":59,"15":26,"16":33,"17":33,"18":33,"19":0,"20":4,"21":2,"22":2,"23":2,"24":1,"25":1,"26":1,"27":1,"28":4,"29":4,"30":0,"31":0,"32":0,"33":0,"34":4,"35":0,"36":0,"37":0,"38":0,"39":4},"f":{"0":1,"1":1,"2":59,"3":2,"4":0,"5":0,"6":0,"7":0},"b":{"0":[0],"1":[59,26],"2":[26],"3":[1],"4":[0],"5":[0],"6":[0,0]}}
,"/home/luke/dev-projects/prisma-typescript-blog/src/middleware/error.middleware.ts": {"path":"/home/luke/dev-projects/prisma-typescript-blog/src/middleware/error.middleware.ts","statementMap":{"0":{"start":{"line":3,"column":0},"end":{"line":3,"column":40}},"1":{"start":{"line":4,"column":0},"end":{"line":4,"column":30}},"2":{"start":{"line":7,"column":2},"end":{"line":7,"column":null}},"3":{"start":{"line":8,"column":16},"end":{"line":8,"column":64}},"4":{"start":{"line":9,"column":2},"end":{"line":9,"column":null}},"5":{"start":{"line":6,"column":0},"end":{"line":6,"column":16}},"6":{"start":{"line":18,"column":21},"end":{"line":18,"column":66}},"7":{"start":{"line":19,"column":2},"end":{"line":19,"column":null}},"8":{"start":{"line":20,"column":2},"end":{"line":29,"column":null}},"9":{"start":{"line":21,"column":4},"end":{"line":27,"column":null}},"10":{"start":{"line":28,"column":4},"end":{"line":28,"column":10}},"11":{"start":{"line":30,"column":2},"end":{"line":35,"column":null}},"12":{"start":{"line":11,"column":0},"end":{"line":11,"column":16}}},"fnMap":{"0":{"name":"notFound","decl":{"start":{"line":6,"column":16},"end":{"line":6,"column":24}},"loc":{"start":{"line":6,"column":72},"end":{"line":10,"column":1}}},"1":{"name":"errorHandler","decl":{"start":{"line":11,"column":16},"end":{"line":11,"column":28}},"loc":{"start":{"line":16,"column":20},"end":{"line":36,"column":1}}}},"branchMap":{"0":{"loc":{"start":{"line":18,"column":21},"end":{"line":18,"column":66}},"type":"cond-expr","locations":[{"start":{"line":18,"column":46},"end":{"line":18,"column":60}},{"start":{"line":18,"column":63},"end":{"line":18,"column":66}}]},"1":{"loc":{"start":{"line":20,"column":2},"end":{"line":29,"column":null}},"type":"if","locations":[{"start":{"line":20,"column":2},"end":{"line":29,"column":null}}]},"2":{"loc":{"start":{"line":26,"column":13},"end":{"line":26,"column":67}},"type":"cond-expr","locations":[{"start":{"line":26,"column":51},"end":{"line":26,"column":55}},{"start":{"line":26,"column":58},"end":{"line":26,"column":67}}]},"3":{"loc":{"start":{"line":34,"column":11},"end":{"line":34,"column":65}},"type":"cond-expr","locations":[{"start":{"line":34,"column":49},"end":{"line":34,"column":53}},{"start":{"line":34,"column":56},"end":{"line":34,"column":65}}]}},"s":{"0":4,"1":4,"2":43,"3":43,"4":43,"5":4,"6":55,"7":55,"8":55,"9":6,"10":6,"11":49,"12":4},"f":{"0":43,"1":55},"b":{"0":[55,0],"1":[6],"2":[0,6],"3":[0,49]}}
,"/home/luke/dev-projects/prisma-typescript-blog/src/middleware/validate.middleware.ts": {"path":"/home/luke/dev-projects/prisma-typescript-blog/src/middleware/validate.middleware.ts","statementMap":{"0":{"start":{"line":2,"column":0},"end":{"line":2,"column":30}},"1":{"start":{"line":6,"column":2},"end":{"line":24,"column":null}},"2":{"start":{"line":6,"column":67},"end":{"line":24,"column":null}},"3":{"start":{"line":7,"column":4},"end":{"line":23,"column":null}},"4":{"start":{"line":8,"column":6},"end":{"line":10,"column":null}},"5":{"start":{"line":9,"column":8},"end":{"line":9,"column":null}},"6":{"start":{"line":11,"column":6},"end":{"line":13,"column":null}},"7":{"start":{"line":12,"column":8},"end":{"line":12,"column":null}},"8":{"start":{"line":14,"column":6},"end":{"line":16,"column":null}},"9":{"start":{"line":15,"column":8},"end":{"line":15,"column":null}},"10":{"start":{"line":17,"column":6},"end":{"line":17,"column":null}},"11":{"start":{"line":19,"column":6},"end":{"line":21,"column":null}},"12":{"start":{"line":20,"column":8},"end":{"line":20,"column":null}},"13":{"start":{"line":22,"column":6},"end":{"line":22,"column":null}},"14":{"start":{"line":5,"column":0},"end":{"line":5,"column":16}}},"fnMap":{"0":{"name":"validate","decl":{"start":{"line":5,"column":16},"end":{"line":5,"column":24}},"loc":{"start":{"line":5,"column":54},"end":{"line":25,"column":1}}},"1":{"name":"(anonymous_8)","decl":{"start":{"line":6,"column":9},"end":{"line":6,"column":16}},"loc":{"start":{"line":6,"column":67},"end":{"line":24,"column":null}}},"2":{"name":"(anonymous_9)","decl":{"start":{"line":6,"column":67},"end":{"line":6,"column":null}},"loc":{"start":{"line":6,"column":67},"end":{"line":24,"column":3}}}},"branchMap":{"0":{"loc":{"start":{"line":8,"column":6},"end":{"line":10,"column":null}},"type":"if","locations":[{"start":{"line":8,"column":6},"end":{"line":10,"column":null}}]},"1":{"loc":{"start":{"line":11,"column":6},"end":{"line":13,"column":null}},"type":"if","locations":[{"start":{"line":11,"column":6},"end":{"line":13,"column":null}}]},"2":{"loc":{"start":{"line":14,"column":6},"end":{"line":16,"column":null}},"type":"if","locations":[{"start":{"line":14,"column":6},"end":{"line":16,"column":null}}]},"3":{"loc":{"start":{"line":19,"column":6},"end":{"line":21,"column":null}},"type":"if","locations":[{"start":{"line":19,"column":6},"end":{"line":21,"column":null}}]}},"s":{"0":4,"1":8,"2":10,"3":10,"4":10,"5":0,"6":10,"7":10,"8":4,"9":0,"10":4,"11":6,"12":6,"13":6,"14":4},"f":{"0":8,"1":10,"2":10},"b":{"0":[0],"1":[10],"2":[0],"3":[6]}}
,"/home/luke/dev-projects/prisma-typescript-blog/src/utils/config.ts": {"path":"/home/luke/dev-projects/prisma-typescript-blog/src/utils/config.ts","statementMap":{"0":{"start":{"line":1,"column":0},"end":{"line":1,"column":24}},"1":{"start":{"line":2,"column":0},"end":{"line":2,"column":22}},"2":{"start":{"line":4,"column":0},"end":{"line":4,"column":null}},"3":{"start":{"line":5,"column":2},"end":{"line":5,"column":null}},"4":{"start":{"line":6,"column":2},"end":{"line":6,"column":null}},"5":{"start":{"line":7,"column":2},"end":{"line":7,"column":null}},"6":{"start":{"line":8,"column":2},"end":{"line":8,"column":null}},"7":{"start":{"line":9,"column":2},"end":{"line":9,"column":null}},"8":{"start":{"line":10,"column":2},"end":{"line":10,"column":null}},"9":{"start":{"line":14,"column":2},"end":{"line":16,"column":null}},"10":{"start":{"line":19,"column":13},"end":{"line":35,"column":null}},"11":{"start":{"line":39,"column":26},"end":{"line":47,"column":null}},"12":{"start":{"line":49,"column":13},"end":{"line":49,"column":null}}},"fnMap":{"0":{"name":"(anonymous_6)","decl":{"start":{"line":4,"column":0},"end":{"line":4,"column":5}},"loc":{"start":{"line":4,"column":13},"end":{"line":11,"column":1}}},"1":{"name":"getErrorMessage","decl":{"start":{"line":13,"column":9},"end":{"line":13,"column":24}},"loc":{"start":{"line":13,"column":58},"end":{"line":17,"column":1}}}},"branchMap":{"0":{"loc":{"start":{"line":4,"column":5},"end":{"line":4,"column":null}},"type":"binary-expr","locations":[{"start":{"line":4,"column":5},"end":{"line":4,"column":13}},{"start":{"line":4,"column":5},"end":{"line":4,"column":null}}]},"1":{"loc":{"start":{"line":40,"column":15},"end":{"line":40,"column":41}},"type":"binary-expr","locations":[{"start":{"line":40,"column":15},"end":{"line":40,"column":35}},{"start":{"line":40,"column":39},"end":{"line":40,"column":41}}]},"2":{"loc":{"start":{"line":41,"column":16},"end":{"line":41,"column":46}},"type":"binary-expr","locations":[{"start":{"line":41,"column":16},"end":{"line":41,"column":40}},{"start":{"line":41,"column":44},"end":{"line":41,"column":46}}]},"3":{"loc":{"start":{"line":42,"column":21},"end":{"line":42,"column":56}},"type":"binary-expr","locations":[{"start":{"line":42,"column":21},"end":{"line":42,"column":50}},{"start":{"line":42,"column":54},"end":{"line":42,"column":56}}]},"4":{"loc":{"start":{"line":43,"column":22},"end":{"line":43,"column":58}},"type":"binary-expr","locations":[{"start":{"line":43,"column":22},"end":{"line":43,"column":52}},{"start":{"line":43,"column":56},"end":{"line":43,"column":58}}]},"5":{"loc":{"start":{"line":44,"column":23},"end":{"line":44,"column":60}},"type":"binary-expr","locations":[{"start":{"line":44,"column":23},"end":{"line":44,"column":54}},{"start":{"line":44,"column":58},"end":{"line":44,"column":60}}]},"6":{"loc":{"start":{"line":45,"column":24},"end":{"line":45,"column":62}},"type":"binary-expr","locations":[{"start":{"line":45,"column":24},"end":{"line":45,"column":56}},{"start":{"line":45,"column":60},"end":{"line":45,"column":62}}]},"7":{"loc":{"start":{"line":46,"column":8},"end":{"line":46,"column":40}},"type":"binary-expr","locations":[{"start":{"line":46,"column":8},"end":{"line":46,"column":32}},{"start":{"line":46,"column":36},"end":{"line":46,"column":40}}]}},"s":{"0":4,"1":4,"2":4,"3":4,"4":4,"5":4,"6":4,"7":4,"8":4,"9":24,"10":4,"11":4,"12":4},"f":{"0":4,"1":24},"b":{"0":[4,4],"1":[4,0],"2":[4,0],"3":[4,0],"4":[4,0],"5":[4,0],"6":[4,0],"7":[4,4]}}
,"/home/luke/dev-projects/prisma-typescript-blog/src/utils/hashToken.ts": {"path":"/home/luke/dev-projects/prisma-typescript-blog/src/utils/hashToken.ts","statementMap":{"0":{"start":{"line":1,"column":0},"end":{"line":1,"column":27}},"1":{"start":{"line":4,"column":2},"end":{"line":4,"column":null}},"2":{"start":{"line":3,"column":0},"end":{"line":3,"column":16}}},"fnMap":{"0":{"name":"hashToken","decl":{"start":{"line":3,"column":16},"end":{"line":3,"column":25}},"loc":{"start":{"line":3,"column":39},"end":{"line":5,"column":1}}}},"branchMap":{},"s":{"0":4,"1":5,"2":4},"f":{"0":5},"b":{}}
,"/home/luke/dev-projects/prisma-typescript-blog/src/utils/jwt.ts": {"path":"/home/luke/dev-projects/prisma-typescript-blog/src/utils/jwt.ts","statementMap":{"0":{"start":{"line":1,"column":0},"end":{"line":1,"column":35}},"1":{"start":{"line":3,"column":0},"end":{"line":3,"column":33}},"2":{"start":{"line":18,"column":2},"end":{"line":20,"column":null}},"3":{"start":{"line":14,"column":0},"end":{"line":14,"column":16}},"4":{"start":{"line":27,"column":2},"end":{"line":29,"column":null}},"5":{"start":{"line":23,"column":0},"end":{"line":23,"column":16}},"6":{"start":{"line":33,"column":50},"end":{"line":36,"column":null}},"7":{"start":{"line":37,"column":52},"end":{"line":40,"column":null}},"8":{"start":{"line":41,"column":22},"end":{"line":41,"column":61}},"9":{"start":{"line":42,"column":23},"end":{"line":42,"column":64}},"10":{"start":{"line":44,"column":2},"end":{"line":47,"column":null}},"11":{"start":{"line":32,"column":0},"end":{"line":32,"column":16}},"12":{"start":{"line":51,"column":2},"end":{"line":55,"column":null}},"13":{"start":{"line":52,"column":4},"end":{"line":52,"column":null}},"14":{"start":{"line":54,"column":4},"end":{"line":54,"column":null}},"15":{"start":{"line":50,"column":0},"end":{"line":50,"column":16}},"16":{"start":{"line":59,"column":2},"end":{"line":63,"column":null}},"17":{"start":{"line":60,"column":4},"end":{"line":60,"column":null}},"18":{"start":{"line":62,"column":4},"end":{"line":62,"column":null}},"19":{"start":{"line":58,"column":0},"end":{"line":58,"column":16}}},"fnMap":{"0":{"name":"generateAccessToken","decl":{"start":{"line":14,"column":16},"end":{"line":14,"column":35}},"loc":{"start":{"line":16,"column":57},"end":{"line":21,"column":1}}},"1":{"name":"generateRefreshToken","decl":{"start":{"line":23,"column":16},"end":{"line":23,"column":36}},"loc":{"start":{"line":25,"column":58},"end":{"line":30,"column":1}}},"2":{"name":"generateTokens","decl":{"start":{"line":32,"column":16},"end":{"line":32,"column":30}},"loc":{"start":{"line":32,"column":71},"end":{"line":48,"column":1}}},"3":{"name":"verifyRefreshToken","decl":{"start":{"line":50,"column":16},"end":{"line":50,"column":34}},"loc":{"start":{"line":50,"column":48},"end":{"line":56,"column":1}}},"4":{"name":"verifyAccessToken","decl":{"start":{"line":58,"column":16},"end":{"line":58,"column":33}},"loc":{"start":{"line":58,"column":47},"end":{"line":64,"column":1}}}},"branchMap":{"0":{"loc":{"start":{"line":16,"column":2},"end":{"line":16,"column":57}},"type":"default-arg","locations":[{"start":{"line":16,"column":31},"end":{"line":16,"column":57}}]},"1":{"loc":{"start":{"line":25,"column":2},"end":{"line":25,"column":58}},"type":"default-arg","locations":[{"start":{"line":25,"column":31},"end":{"line":25,"column":58}}]}},"s":{"0":4,"1":4,"2":3,"3":4,"4":6,"5":4,"6":3,"7":3,"8":3,"9":3,"10":3,"11":4,"12":3,"13":3,"14":2,"15":4,"16":33,"17":33,"18":0,"19":4},"f":{"0":3,"1":6,"2":3,"3":3,"4":33},"b":{"0":[3],"1":[3]}}
}
