TN:
SF:src/app.ts
FNF:0
FNH:0
DA:1,4
DA:2,4
DA:3,4
DA:4,4
DA:5,4
DA:6,4
DA:7,4
DA:9,4
DA:11,4
DA:12,4
DA:13,4
DA:14,4
DA:15,4
DA:16,4
DA:18,4
DA:19,4
DA:21,4
LF:17
LH:17
BRF:0
BRH:0
end_of_record
TN:
SF:src/db.ts
FNF:0
FNH:0
DA:1,4
DA:3,4
DA:6,4
LF:3
LH:3
BRF:0
BRH:0
end_of_record
TN:
SF:src/api/index.ts
FN:8,(anonymous_1)
FNF:1
FNH:0
FNDA:0,(anonymous_1)
DA:1,4
DA:3,4
DA:4,4
DA:6,4
DA:8,4
DA:9,0
DA:16,4
DA:17,4
DA:19,4
LF:9
LH:8
BRF:0
BRH:0
end_of_record
TN:
SF:src/api/auth/auth.controllers.ts
FN:19,register
FN:48,login
FN:68,(anonymous_12)
FN:92,refreshTokens
FN:128,(anonymous_15)
FNF:5
FNH:3
FNDA:1,register
FNDA:3,login
FNDA:0,(anonymous_12)
FNDA:4,refreshTokens
FNDA:0,(anonymous_15)
DA:1,4
DA:4,4
DA:5,4
DA:10,4
DA:16,4
DA:17,4
DA:19,4
DA:24,1
DA:25,1
DA:27,1
DA:28,1
DA:30,1
DA:32,1
DA:33,1
DA:34,1
DA:44,0
DA:48,4
DA:53,3
DA:54,3
DA:55,3
DA:57,3
DA:58,1
DA:59,1
DA:62,2
DA:63,2
DA:64,1
DA:65,1
DA:68,1
DA:69,1
DA:70,1
DA:72,1
DA:78,1
DA:88,2
DA:92,4
DA:97,4
DA:98,4
DA:99,4
DA:100,1
DA:101,1
DA:104,3
DA:109,1
DA:110,1
DA:111,0
DA:112,0
DA:115,1
DA:116,1
DA:117,0
DA:118,0
DA:121,1
DA:122,1
DA:123,0
DA:124,0
DA:127,1
DA:128,1
DA:129,1
DA:130,1
DA:136,1
DA:142,1
DA:152,3
DA:156,2
DA:158,3
LF:61
LH:54
BRDA:57,0,0,1
BRDA:63,1,0,1
BRDA:99,2,0,1
BRDA:110,3,0,0
BRDA:110,4,0,1
BRDA:110,4,1,1
BRDA:116,5,0,0
BRDA:122,6,0,0
BRDA:152,7,0,2
BRDA:153,8,0,3
BRDA:153,8,1,3
BRDA:153,8,2,2
BRF:12
BRH:9
end_of_record
TN:
SF:src/api/auth/auth.routes.ts
FNF:0
FNH:0
DA:1,4
DA:2,4
DA:3,4
DA:4,4
DA:5,4
DA:7,4
DA:9,4
DA:15,4
DA:22,4
DA:26,4
LF:10
LH:10
BRF:0
BRH:0
end_of_record
TN:
SF:src/api/auth/auth.services.ts
FN:5,addRefreshTokenToWhitelist
FN:24,findRefreshTokenById
FN:33,revokeRefreshToken
FN:44,revokeAllRefreshTokens
FNF:4
FNH:3
FNDA:3,addRefreshTokenToWhitelist
FNDA:1,findRefreshTokenById
FNDA:1,revokeRefreshToken
FNDA:0,revokeAllRefreshTokens
DA:2,4
DA:3,4
DA:5,4
DA:14,3
DA:24,4
DA:25,1
DA:33,4
DA:34,1
DA:44,4
DA:45,0
LF:10
LH:9
BRF:0
BRH:0
end_of_record
TN:
SF:src/api/users/users.controllers.ts
FN:5,me
FNF:1
FNH:1
FNDA:1,me
DA:3,4
DA:5,4
DA:6,1
DA:7,1
DA:8,1
DA:10,1
DA:11,0
DA:12,0
DA:15,1
DA:20,0
LF:10
LH:7
BRDA:10,0,0,0
BRF:1
BRH:0
end_of_record
TN:
SF:src/api/users/users.routes.ts
FNF:0
FNH:0
DA:1,4
DA:2,4
DA:3,4
DA:5,4
DA:7,4
DA:9,4
LF:6
LH:6
BRF:0
BRH:0
end_of_record
TN:
SF:src/api/users/users.schemas.ts
FNF:0
FNH:0
DA:1,4
DA:3,4
LF:2
LH:2
BRF:0
BRH:0
end_of_record
TN:
SF:src/api/users/users.services.ts
FN:11,findUserByEmail
FN:19,findUserWithRolesByEmail
FN:28,createUserByEmailAndPassword
FN:35,findUserById
FN:43,findUserWithRolesById
FNF:5
FNH:4
FNDA:0,findUserByEmail
FNDA:3,findUserWithRolesByEmail
FNDA:1,createUserByEmailAndPassword
FNDA:1,findUserById
FNDA:1,findUserWithRolesById
DA:1,4
DA:2,4
DA:5,4
DA:11,4
DA:12,0
DA:19,4
DA:20,3
DA:28,4
DA:29,1
DA:30,1
DA:35,4
DA:36,1
DA:43,4
DA:44,1
LF:14
LH:13
BRF:0
BRH:0
end_of_record
TN:
SF:src/middleware/auth.middleware.ts
FN:6,(anonymous_8)
FN:10,(anonymous_9)
FN:29,deserializeUserAndRoles
FN:51,requireUser
FN:66,(anonymous_12)
FN:70,(anonymous_13)
FN:79,(anonymous_14)
FN:83,(anonymous_15)
FNF:8
FNH:4
FNDA:1,(anonymous_8)
FNDA:1,(anonymous_9)
FNDA:59,deserializeUserAndRoles
FNDA:2,requireUser
FNDA:0,(anonymous_12)
FNDA:0,(anonymous_13)
FNDA:0,(anonymous_14)
FNDA:0,(anonymous_15)
DA:2,4
DA:4,4
DA:6,4
DA:10,1
DA:11,1
DA:12,1
DA:18,1
DA:19,0
DA:20,0
DA:23,0
DA:26,1
DA:29,4
DA:34,59
DA:35,59
DA:39,59
DA:40,26
DA:42,33
DA:43,33
DA:45,33
DA:47,0
DA:51,4
DA:52,2
DA:53,2
DA:55,2
DA:56,1
DA:57,1
DA:60,1
DA:62,1
DA:66,4
DA:70,0
DA:71,0
DA:72,0
DA:74,0
DA:79,4
DA:83,0
DA:84,0
DA:85,0
DA:87,0
DA:92,4
LF:39
LH:27
BRDA:18,0,0,0
BRDA:35,1,0,59
BRDA:35,1,1,26
BRDA:39,2,0,26
BRDA:55,3,0,1
BRDA:71,4,0,0
BRDA:84,5,0,0
BRDA:84,6,0,0
BRDA:84,6,1,0
BRF:9
BRH:4
end_of_record
TN:
SF:src/middleware/error.middleware.ts
FN:6,notFound
FN:11,errorHandler
FNF:2
FNH:2
FNDA:43,notFound
FNDA:55,errorHandler
DA:3,4
DA:4,4
DA:6,4
DA:7,43
DA:8,43
DA:9,43
DA:11,4
DA:18,55
DA:19,55
DA:20,55
DA:21,6
DA:28,6
DA:30,49
LF:13
LH:13
BRDA:18,0,0,55
BRDA:18,0,1,0
BRDA:20,1,0,6
BRDA:26,2,0,0
BRDA:26,2,1,6
BRDA:34,3,0,0
BRDA:34,3,1,49
BRF:7
BRH:4
end_of_record
TN:
SF:src/middleware/validate.middleware.ts
FN:5,validate
FN:6,(anonymous_8)
FN:6,(anonymous_9)
FNF:3
FNH:3
FNDA:8,validate
FNDA:10,(anonymous_8)
FNDA:10,(anonymous_9)
DA:2,4
DA:5,4
DA:6,10
DA:7,10
DA:8,10
DA:9,0
DA:11,10
DA:12,10
DA:14,4
DA:15,0
DA:17,4
DA:19,6
DA:20,6
DA:22,6
LF:14
LH:12
BRDA:8,0,0,0
BRDA:11,1,0,10
BRDA:14,2,0,0
BRDA:19,3,0,6
BRF:4
BRH:2
end_of_record
TN:
SF:src/utils/config.ts
FN:4,(anonymous_6)
FN:13,getErrorMessage
FNF:2
FNH:2
FNDA:4,(anonymous_6)
FNDA:24,getErrorMessage
DA:1,4
DA:2,4
DA:4,4
DA:5,4
DA:6,4
DA:7,4
DA:8,4
DA:9,4
DA:10,4
DA:14,24
DA:19,4
DA:39,4
DA:49,4
LF:13
LH:13
BRDA:4,0,0,4
BRDA:4,0,1,4
BRDA:40,1,0,4
BRDA:40,1,1,0
BRDA:41,2,0,4
BRDA:41,2,1,0
BRDA:42,3,0,4
BRDA:42,3,1,0
BRDA:43,4,0,4
BRDA:43,4,1,0
BRDA:44,5,0,4
BRDA:44,5,1,0
BRDA:45,6,0,4
BRDA:45,6,1,0
BRDA:46,7,0,4
BRDA:46,7,1,4
BRF:16
BRH:10
end_of_record
TN:
SF:src/utils/hashToken.ts
FN:3,hashToken
FNF:1
FNH:1
FNDA:5,hashToken
DA:1,4
DA:3,4
DA:4,5
LF:3
LH:3
BRF:0
BRH:0
end_of_record
TN:
SF:src/utils/jwt.ts
FN:14,generateAccessToken
FN:23,generateRefreshToken
FN:32,generateTokens
FN:50,verifyRefreshToken
FN:58,verifyAccessToken
FNF:5
FNH:5
FNDA:3,generateAccessToken
FNDA:6,generateRefreshToken
FNDA:3,generateTokens
FNDA:3,verifyRefreshToken
FNDA:33,verifyAccessToken
DA:1,4
DA:3,4
DA:14,4
DA:18,3
DA:23,4
DA:27,6
DA:32,4
DA:33,3
DA:37,3
DA:41,3
DA:42,3
DA:44,3
DA:50,4
DA:51,3
DA:52,3
DA:54,2
DA:58,4
DA:59,33
DA:60,33
DA:62,0
LF:20
LH:19
BRDA:16,0,0,3
BRDA:25,1,0,3
BRF:2
BRH:2
end_of_record
